[0.617s] Invoking command in '/opt/ws/src/code/lab2': PYTHONPATH=/opt/ws/src/code/lab2/build/lab2/prefix_override:/usr/lib/python3/dist-packages/colcon_core/task/python/colcon_distutils_commands:/opt/ws/src/code/lab2/install/lab2/lib/python3.12/site-packages:${PYTHONPATH} /usr/bin/python3 -W ignore:setup.py install is deprecated -W ignore:easy_install command is deprecated setup.py egg_info --egg-base build/lab2 build --build-base /opt/ws/src/code/lab2/build/lab2/build install --record /opt/ws/src/code/lab2/build/lab2/install.log --single-version-externally-managed install_data
[0.820s] running egg_info
[0.897s] writing build/lab2/lab2.egg-info/PKG-INFO
[0.897s] writing dependency_links to build/lab2/lab2.egg-info/dependency_links.txt
[0.898s] writing entry points to build/lab2/lab2.egg-info/entry_points.txt
[0.898s] writing requirements to build/lab2/lab2.egg-info/requires.txt
[0.898s] writing top-level names to build/lab2/lab2.egg-info/top_level.txt
[0.928s] reading manifest file 'build/lab2/lab2.egg-info/SOURCES.txt'
[0.928s] adding license file 'LICENSE'
[0.928s] writing manifest file 'build/lab2/lab2.egg-info/SOURCES.txt'
[0.928s] running build
[0.928s] running build_py
[0.929s] running install
[0.934s] running install_lib
[0.948s] running install_data
[0.948s] copying worlds/robot.sdf -> /opt/ws/src/code/lab2/install/lab2/share/lab2/worlds
[0.949s] running install_egg_info
[0.963s] removing '/opt/ws/src/code/lab2/install/lab2/lib/python3.12/site-packages/lab2-0.0.1-py3.12.egg-info' (and everything under it)
[0.964s] Copying build/lab2/lab2.egg-info to /opt/ws/src/code/lab2/install/lab2/lib/python3.12/site-packages/lab2-0.0.1-py3.12.egg-info
[0.965s] running install_scripts
[1.005s] Installing lidar_subscriber script to /opt/ws/src/code/lab2/install/lab2/lib/lab2
[1.005s] Installing robot_controller script to /opt/ws/src/code/lab2/install/lab2/lib/lab2
[1.006s] writing list of installed files to '/opt/ws/src/code/lab2/build/lab2/install.log'
[1.028s] Invoked command in '/opt/ws/src/code/lab2' returned '0': PYTHONPATH=/opt/ws/src/code/lab2/build/lab2/prefix_override:/usr/lib/python3/dist-packages/colcon_core/task/python/colcon_distutils_commands:/opt/ws/src/code/lab2/install/lab2/lib/python3.12/site-packages:${PYTHONPATH} /usr/bin/python3 -W ignore:setup.py install is deprecated -W ignore:easy_install command is deprecated setup.py egg_info --egg-base build/lab2 build --build-base /opt/ws/src/code/lab2/build/lab2/build install --record /opt/ws/src/code/lab2/build/lab2/install.log --single-version-externally-managed install_data
