running egg_info
creating build/lab2/lab2.egg-info
writing build/lab2/lab2.egg-info/PKG-INFO
writing dependency_links to build/lab2/lab2.egg-info/dependency_links.txt
writing entry points to build/lab2/lab2.egg-info/entry_points.txt
writing requirements to build/lab2/lab2.egg-info/requires.txt
writing top-level names to build/lab2/lab2.egg-info/top_level.txt
writing manifest file 'build/lab2/lab2.egg-info/SOURCES.txt'
reading manifest file 'build/lab2/lab2.egg-info/SOURCES.txt'
adding license file 'LICENSE'
writing manifest file 'build/lab2/lab2.egg-info/SOURCES.txt'
running build
running build_py
creating /opt/ws/src/code/lab2/build/lab2/build
creating /opt/ws/src/code/lab2/build/lab2/build/lib
creating /opt/ws/src/code/lab2/build/lab2/build/lib/lab2
copying lab2/__init__.py -> /opt/ws/src/code/lab2/build/lab2/build/lib/lab2
copying lab2/robot_controller.py -> /opt/ws/src/code/lab2/build/lab2/build/lib/lab2
running install
running install_lib
creating /opt/ws/src/code/lab2/install/lab2/lib/python3.12/site-packages/lab2
copying /opt/ws/src/code/lab2/build/lab2/build/lib/lab2/__init__.py -> /opt/ws/src/code/lab2/install/lab2/lib/python3.12/site-packages/lab2
copying /opt/ws/src/code/lab2/build/lab2/build/lib/lab2/robot_controller.py -> /opt/ws/src/code/lab2/install/lab2/lib/python3.12/site-packages/lab2
byte-compiling /opt/ws/src/code/lab2/install/lab2/lib/python3.12/site-packages/lab2/__init__.py to __init__.cpython-312.pyc
byte-compiling /opt/ws/src/code/lab2/install/lab2/lib/python3.12/site-packages/lab2/robot_controller.py to robot_controller.cpython-312.pyc
running install_data
creating /opt/ws/src/code/lab2/install/lab2/share/ament_index
creating /opt/ws/src/code/lab2/install/lab2/share/ament_index/resource_index
creating /opt/ws/src/code/lab2/install/lab2/share/ament_index/resource_index/packages
copying resource/lab2 -> /opt/ws/src/code/lab2/install/lab2/share/ament_index/resource_index/packages
copying package.xml -> /opt/ws/src/code/lab2/install/lab2/share/lab2
creating /opt/ws/src/code/lab2/install/lab2/share/lab2/launch
copying launch/gazebo_ros2.launch.py -> /opt/ws/src/code/lab2/install/lab2/share/lab2/launch
creating /opt/ws/src/code/lab2/install/lab2/share/lab2/worlds
copying worlds/robot.sdf -> /opt/ws/src/code/lab2/install/lab2/share/lab2/worlds
creating /opt/ws/src/code/lab2/install/lab2/share/lab2/config
running install_egg_info
Copying build/lab2/lab2.egg-info to /opt/ws/src/code/lab2/install/lab2/lib/python3.12/site-packages/lab2-0.0.1-py3.12.egg-info
running install_scripts
Installing lidar_subscriber script to /opt/ws/src/code/lab2/install/lab2/lib/lab2
Installing robot_controller script to /opt/ws/src/code/lab2/install/lab2/lib/lab2
writing list of installed files to '/opt/ws/src/code/lab2/build/lab2/install.log'
