[0.813s] Invoking command in '/opt/ws/src/code/lab2': PYTHONPATH=/opt/ws/src/code/lab2/build/lab2/prefix_override:/usr/lib/python3/dist-packages/colcon_core/task/python/colcon_distutils_commands:/opt/ws/src/code/lab2/install/lab2/lib/python3.12/site-packages:${PYTHONPATH} /usr/bin/python3 -W ignore:setup.py install is deprecated -W ignore:easy_install command is deprecated setup.py egg_info --egg-base build/lab2 build --build-base /opt/ws/src/code/lab2/build/lab2/build install --record /opt/ws/src/code/lab2/build/lab2/install.log --single-version-externally-managed install_data
[1.017s] running egg_info
[1.018s] creating build/lab2/lab2.egg-info
[1.094s] writing build/lab2/lab2.egg-info/PKG-INFO
[1.095s] writing dependency_links to build/lab2/lab2.egg-info/dependency_links.txt
[1.095s] writing entry points to build/lab2/lab2.egg-info/entry_points.txt
[1.095s] writing requirements to build/lab2/lab2.egg-info/requires.txt
[1.095s] writing top-level names to build/lab2/lab2.egg-info/top_level.txt
[1.095s] writing manifest file 'build/lab2/lab2.egg-info/SOURCES.txt'
[1.124s] reading manifest file 'build/lab2/lab2.egg-info/SOURCES.txt'
[1.124s] adding license file 'LICENSE'
[1.125s] writing manifest file 'build/lab2/lab2.egg-info/SOURCES.txt'
[1.125s] running build
[1.125s] running build_py
[1.125s] creating /opt/ws/src/code/lab2/build/lab2/build
[1.126s] creating /opt/ws/src/code/lab2/build/lab2/build/lib
[1.127s] creating /opt/ws/src/code/lab2/build/lab2/build/lib/lab2
[1.127s] copying lab2/__init__.py -> /opt/ws/src/code/lab2/build/lab2/build/lib/lab2
[1.127s] copying lab2/robot_controller.py -> /opt/ws/src/code/lab2/build/lab2/build/lib/lab2
[1.128s] running install
[1.132s] running install_lib
[1.146s] creating /opt/ws/src/code/lab2/install/lab2/lib/python3.12/site-packages/lab2
[1.147s] copying /opt/ws/src/code/lab2/build/lab2/build/lib/lab2/__init__.py -> /opt/ws/src/code/lab2/install/lab2/lib/python3.12/site-packages/lab2
[1.147s] copying /opt/ws/src/code/lab2/build/lab2/build/lib/lab2/robot_controller.py -> /opt/ws/src/code/lab2/install/lab2/lib/python3.12/site-packages/lab2
[1.147s] byte-compiling /opt/ws/src/code/lab2/install/lab2/lib/python3.12/site-packages/lab2/__init__.py to __init__.cpython-312.pyc
[1.148s] byte-compiling /opt/ws/src/code/lab2/install/lab2/lib/python3.12/site-packages/lab2/robot_controller.py to robot_controller.cpython-312.pyc
[1.149s] running install_data
[1.149s] creating /opt/ws/src/code/lab2/install/lab2/share/ament_index
[1.149s] creating /opt/ws/src/code/lab2/install/lab2/share/ament_index/resource_index
[1.150s] creating /opt/ws/src/code/lab2/install/lab2/share/ament_index/resource_index/packages
[1.150s] copying resource/lab2 -> /opt/ws/src/code/lab2/install/lab2/share/ament_index/resource_index/packages
[1.150s] copying package.xml -> /opt/ws/src/code/lab2/install/lab2/share/lab2
[1.150s] creating /opt/ws/src/code/lab2/install/lab2/share/lab2/launch
[1.151s] copying launch/gazebo_ros2.launch.py -> /opt/ws/src/code/lab2/install/lab2/share/lab2/launch
[1.151s] creating /opt/ws/src/code/lab2/install/lab2/share/lab2/worlds
[1.152s] copying worlds/robot.sdf -> /opt/ws/src/code/lab2/install/lab2/share/lab2/worlds
[1.152s] creating /opt/ws/src/code/lab2/install/lab2/share/lab2/config
[1.153s] running install_egg_info
[1.167s] Copying build/lab2/lab2.egg-info to /opt/ws/src/code/lab2/install/lab2/lib/python3.12/site-packages/lab2-0.0.1-py3.12.egg-info
[1.169s] running install_scripts
[1.210s] Installing lidar_subscriber script to /opt/ws/src/code/lab2/install/lab2/lib/lab2
[1.211s] Installing robot_controller script to /opt/ws/src/code/lab2/install/lab2/lib/lab2
[1.211s] writing list of installed files to '/opt/ws/src/code/lab2/build/lab2/install.log'
[1.234s] Invoked command in '/opt/ws/src/code/lab2' returned '0': PYTHONPATH=/opt/ws/src/code/lab2/build/lab2/prefix_override:/usr/lib/python3/dist-packages/colcon_core/task/python/colcon_distutils_commands:/opt/ws/src/code/lab2/install/lab2/lib/python3.12/site-packages:${PYTHONPATH} /usr/bin/python3 -W ignore:setup.py install is deprecated -W ignore:easy_install command is deprecated setup.py egg_info --egg-base build/lab2 build --build-base /opt/ws/src/code/lab2/build/lab2/build install --record /opt/ws/src/code/lab2/build/lab2/install.log --single-version-externally-managed install_data
