running egg_info
writing build/lab2/lab2.egg-info/PKG-INFO
writing dependency_links to build/lab2/lab2.egg-info/dependency_links.txt
writing entry points to build/lab2/lab2.egg-info/entry_points.txt
writing requirements to build/lab2/lab2.egg-info/requires.txt
writing top-level names to build/lab2/lab2.egg-info/top_level.txt
reading manifest file 'build/lab2/lab2.egg-info/SOURCES.txt'
adding license file 'LICENSE'
writing manifest file 'build/lab2/lab2.egg-info/SOURCES.txt'
running build
running build_py
copying lab2/robot_controller.py -> /opt/ws/src/code/lab2/build/lab2/build/lib/lab2
running install
running install_lib
copying /opt/ws/src/code/lab2/build/lab2/build/lib/lab2/robot_controller.py -> /opt/ws/src/code/lab2/install/lab2/lib/python3.12/site-packages/lab2
byte-compiling /opt/ws/src/code/lab2/install/lab2/lib/python3.12/site-packages/lab2/robot_controller.py to robot_controller.cpython-312.pyc
running install_data
running install_egg_info
removing '/opt/ws/src/code/lab2/install/lab2/lib/python3.12/site-packages/lab2-0.0.1-py3.12.egg-info' (and everything under it)
Copying build/lab2/lab2.egg-info to /opt/ws/src/code/lab2/install/lab2/lib/python3.12/site-packages/lab2-0.0.1-py3.12.egg-info
running install_scripts
Installing lidar_subscriber script to /opt/ws/src/code/lab2/install/lab2/lib/lab2
Installing robot_controller script to /opt/ws/src/code/lab2/install/lab2/lib/lab2
writing list of installed files to '/opt/ws/src/code/lab2/build/lab2/install.log'
