/opt/ws/src/code/lab2/install/lab2/lib/python3.12/site-packages/lab2/__init__.py
/opt/ws/src/code/lab2/install/lab2/lib/python3.12/site-packages/lab2/robot_controller.py
/opt/ws/src/code/lab2/install/lab2/lib/python3.12/site-packages/lab2/lidar_subscriber.py
/opt/ws/src/code/lab2/install/lab2/lib/python3.12/site-packages/lab2/__pycache__/__init__.cpython-312.pyc
/opt/ws/src/code/lab2/install/lab2/lib/python3.12/site-packages/lab2/__pycache__/robot_controller.cpython-312.pyc
/opt/ws/src/code/lab2/install/lab2/lib/python3.12/site-packages/lab2/__pycache__/lidar_subscriber.cpython-312.pyc
/opt/ws/src/code/lab2/install/lab2/share/ament_index/resource_index/packages/lab2
/opt/ws/src/code/lab2/install/lab2/share/lab2/package.xml
/opt/ws/src/code/lab2/install/lab2/share/lab2/launch/gazebo_ros2.launch.py
/opt/ws/src/code/lab2/install/lab2/share/lab2/worlds/robot.sdf
/opt/ws/src/code/lab2/install/lab2/share/lab2/config/robot.rviz
/opt/ws/src/code/lab2/install/lab2/lib/python3.12/site-packages/lab2-0.0.1-py3.12.egg-info/top_level.txt
/opt/ws/src/code/lab2/install/lab2/lib/python3.12/site-packages/lab2-0.0.1-py3.12.egg-info/PKG-INFO
/opt/ws/src/code/lab2/install/lab2/lib/python3.12/site-packages/lab2-0.0.1-py3.12.egg-info/SOURCES.txt
/opt/ws/src/code/lab2/install/lab2/lib/python3.12/site-packages/lab2-0.0.1-py3.12.egg-info/zip-safe
/opt/ws/src/code/lab2/install/lab2/lib/python3.12/site-packages/lab2-0.0.1-py3.12.egg-info/dependency_links.txt
/opt/ws/src/code/lab2/install/lab2/lib/python3.12/site-packages/lab2-0.0.1-py3.12.egg-info/requires.txt
/opt/ws/src/code/lab2/install/lab2/lib/python3.12/site-packages/lab2-0.0.1-py3.12.egg-info/entry_points.txt
/opt/ws/src/code/lab2/install/lab2/lib/lab2/lidar_subscriber
/opt/ws/src/code/lab2/install/lab2/lib/lab2/robot_controller
