[0.091s] DEBUG:colcon:Command line arguments: ['/usr/bin/colcon', 'build', '--packages-select', 'lab2']
[0.091s] DEBUG:colcon:Parsed command line arguments: Namespace(log_base=None, log_level=None, verb_name='build', build_base='build', install_base='install', merge_install=False, symlink_install=False, test_result_base=None, continue_on_error=False, executor='parallel', parallel_workers=12, event_handlers=None, ignore_user_meta=False, metas=['./colcon.meta'], base_paths=['.'], packages_ignore=None, packages_ignore_regex=None, paths=None, packages_up_to=None, packages_up_to_regex=None, packages_above=None, packages_above_and_dependencies=None, packages_above_depth=None, packages_select_by_dep=None, packages_skip_by_dep=None, packages_skip_up_to=None, packages_select_build_failed=False, packages_skip_build_finished=False, packages_select_test_failures=False, packages_skip_test_passed=False, packages_select=['lab2'], packages_skip=None, packages_select_regex=None, packages_skip_regex=None, packages_start=None, packages_end=None, cmake_args=None, cmake_target=None, cmake_target_skip_unavailable=False, cmake_clean_cache=False, cmake_clean_first=False, cmake_force_configure=False, ament_cmake_args=None, catkin_cmake_args=None, catkin_skip_building_tests=False, mixin_files=None, mixin=None, verb_parser=<colcon_mixin.mixin.mixin_argument.MixinArgumentDecorator object at 0x78456e38ff20>, verb_extension=<colcon_core.verb.build.BuildVerb object at 0x78456e38fc20>, main=<bound method BuildVerb.main of <colcon_core.verb.build.BuildVerb object at 0x78456e38fc20>>, mixin_verb=('build',))
[0.129s] Level 1:colcon.colcon_core.package_discovery:discover_packages(colcon_meta) check parameters
[0.129s] Level 1:colcon.colcon_core.package_discovery:discover_packages(recursive) check parameters
[0.129s] Level 1:colcon.colcon_core.package_discovery:discover_packages(ignore) check parameters
[0.129s] Level 1:colcon.colcon_core.package_discovery:discover_packages(path) check parameters
[0.129s] Level 1:colcon.colcon_core.package_discovery:discover_packages(colcon_meta) discover
[0.129s] Level 1:colcon.colcon_core.package_discovery:discover_packages(recursive) discover
[0.129s] INFO:colcon.colcon_core.package_discovery:Crawling recursively for packages in '/opt/ws/src/code/lab2'
[0.129s] Level 1:colcon.colcon_core.package_identification:_identify(.) by extensions ['ignore', 'ignore_ament_install']
[0.129s] Level 1:colcon.colcon_core.package_identification:_identify(.) by extension 'ignore'
[0.129s] Level 1:colcon.colcon_core.package_identification:_identify(.) by extension 'ignore_ament_install'
[0.129s] Level 1:colcon.colcon_core.package_identification:_identify(.) by extensions ['colcon_pkg']
[0.129s] Level 1:colcon.colcon_core.package_identification:_identify(.) by extension 'colcon_pkg'
[0.129s] Level 1:colcon.colcon_core.package_identification:_identify(.) by extensions ['colcon_meta']
[0.129s] Level 1:colcon.colcon_core.package_identification:_identify(.) by extension 'colcon_meta'
[0.129s] Level 1:colcon.colcon_core.package_identification:_identify(.) by extensions ['ros']
[0.129s] Level 1:colcon.colcon_core.package_identification:_identify(.) by extension 'ros'
[0.151s] DEBUG:colcon.colcon_core.package_identification:Package '.' with type 'ros.ament_python' and name 'lab2'
[0.152s] Level 1:colcon.colcon_core.package_discovery:discover_packages(recursive) using defaults
[0.152s] Level 1:colcon.colcon_core.package_discovery:discover_packages(ignore) discover
[0.152s] Level 1:colcon.colcon_core.package_discovery:discover_packages(ignore) using defaults
[0.152s] Level 1:colcon.colcon_core.package_discovery:discover_packages(path) discover
[0.152s] Level 1:colcon.colcon_core.package_discovery:discover_packages(path) using defaults
[0.166s] Level 5:colcon.colcon_core.verb:set package 'lab2' build argument 'cmake_args' from command line to 'None'
[0.166s] Level 5:colcon.colcon_core.verb:set package 'lab2' build argument 'cmake_target' from command line to 'None'
[0.166s] Level 5:colcon.colcon_core.verb:set package 'lab2' build argument 'cmake_target_skip_unavailable' from command line to 'False'
[0.166s] Level 5:colcon.colcon_core.verb:set package 'lab2' build argument 'cmake_clean_cache' from command line to 'False'
[0.166s] Level 5:colcon.colcon_core.verb:set package 'lab2' build argument 'cmake_clean_first' from command line to 'False'
[0.166s] Level 5:colcon.colcon_core.verb:set package 'lab2' build argument 'cmake_force_configure' from command line to 'False'
[0.166s] Level 5:colcon.colcon_core.verb:set package 'lab2' build argument 'ament_cmake_args' from command line to 'None'
[0.166s] Level 5:colcon.colcon_core.verb:set package 'lab2' build argument 'catkin_cmake_args' from command line to 'None'
[0.166s] Level 5:colcon.colcon_core.verb:set package 'lab2' build argument 'catkin_skip_building_tests' from command line to 'False'
[0.166s] DEBUG:colcon.colcon_core.verb:Building package 'lab2' with the following arguments: {'ament_cmake_args': None, 'build_base': '/opt/ws/src/code/lab2/build/lab2', 'catkin_cmake_args': None, 'catkin_skip_building_tests': False, 'cmake_args': None, 'cmake_clean_cache': False, 'cmake_clean_first': False, 'cmake_force_configure': False, 'cmake_target': None, 'cmake_target_skip_unavailable': False, 'install_base': '/opt/ws/src/code/lab2/install/lab2', 'merge_install': False, 'path': '/opt/ws/src/code/lab2', 'symlink_install': False, 'test_result_base': None}
[0.166s] INFO:colcon.colcon_core.executor:Executing jobs using 'parallel' executor
[0.167s] DEBUG:colcon.colcon_parallel_executor.executor.parallel:run_until_complete
[0.168s] INFO:colcon.colcon_ros.task.ament_python.build:Building ROS package in '/opt/ws/src/code/lab2' with build type 'ament_python'
[0.168s] Level 1:colcon.colcon_core.shell:create_environment_hook('lab2', 'ament_prefix_path')
[0.170s] INFO:colcon.colcon_core.plugin_system:Skipping extension 'colcon_core.shell.bat': Not used on non-Windows systems
[0.170s] INFO:colcon.colcon_core.shell:Creating environment hook '/opt/ws/src/code/lab2/install/lab2/share/lab2/hook/ament_prefix_path.ps1'
[0.171s] INFO:colcon.colcon_core.shell:Creating environment descriptor '/opt/ws/src/code/lab2/install/lab2/share/lab2/hook/ament_prefix_path.dsv'
[0.171s] INFO:colcon.colcon_core.shell:Creating environment hook '/opt/ws/src/code/lab2/install/lab2/share/lab2/hook/ament_prefix_path.sh'
[0.172s] INFO:colcon.colcon_core.shell:Skip shell extension 'powershell' for command environment: Not usable outside of PowerShell
[0.172s] DEBUG:colcon.colcon_core.shell:Skip shell extension 'dsv' for command environment
[0.342s] INFO:colcon.colcon_core.task.python.build:Building Python package in '/opt/ws/src/code/lab2'
[0.342s] INFO:colcon.colcon_core.shell:Skip shell extension 'powershell' for command environment: Not usable outside of PowerShell
[0.342s] DEBUG:colcon.colcon_core.shell:Skip shell extension 'dsv' for command environment
[0.792s] DEBUG:colcon.colcon_core.event_handler.log_command:Invoking command in '/opt/ws/src/code/lab2': PYTHONPATH=/opt/ws/src/code/lab2/build/lab2/prefix_override:/usr/lib/python3/dist-packages/colcon_core/task/python/colcon_distutils_commands:/opt/ws/src/code/lab2/install/lab2/lib/python3.12/site-packages:${PYTHONPATH} /usr/bin/python3 -W ignore:setup.py install is deprecated -W ignore:easy_install command is deprecated setup.py egg_info --egg-base build/lab2 build --build-base /opt/ws/src/code/lab2/build/lab2/build install --record /opt/ws/src/code/lab2/build/lab2/install.log --single-version-externally-managed install_data
[1.198s] DEBUG:colcon.colcon_core.event_handler.log_command:Invoked command in '/opt/ws/src/code/lab2' returned '0': PYTHONPATH=/opt/ws/src/code/lab2/build/lab2/prefix_override:/usr/lib/python3/dist-packages/colcon_core/task/python/colcon_distutils_commands:/opt/ws/src/code/lab2/install/lab2/lib/python3.12/site-packages:${PYTHONPATH} /usr/bin/python3 -W ignore:setup.py install is deprecated -W ignore:easy_install command is deprecated setup.py egg_info --egg-base build/lab2 build --build-base /opt/ws/src/code/lab2/build/lab2/build install --record /opt/ws/src/code/lab2/build/lab2/install.log --single-version-externally-managed install_data
[1.200s] Level 1:colcon.colcon_core.environment:checking '/opt/ws/src/code/lab2/install/lab2' for CMake module files
[1.201s] Level 1:colcon.colcon_core.environment:checking '/opt/ws/src/code/lab2/install/lab2' for CMake config files
[1.201s] Level 1:colcon.colcon_core.environment:checking '/opt/ws/src/code/lab2/install/lab2/lib'
[1.202s] Level 1:colcon.colcon_core.environment:checking '/opt/ws/src/code/lab2/install/lab2/bin'
[1.202s] Level 1:colcon.colcon_core.environment:checking '/opt/ws/src/code/lab2/install/lab2/lib/pkgconfig/lab2.pc'
[1.202s] Level 1:colcon.colcon_core.environment:checking '/opt/ws/src/code/lab2/install/lab2/lib/python3.12/site-packages'
[1.202s] Level 1:colcon.colcon_core.shell:create_environment_hook('lab2', 'pythonpath')
[1.202s] INFO:colcon.colcon_core.shell:Creating environment hook '/opt/ws/src/code/lab2/install/lab2/share/lab2/hook/pythonpath.ps1'
[1.203s] INFO:colcon.colcon_core.shell:Creating environment descriptor '/opt/ws/src/code/lab2/install/lab2/share/lab2/hook/pythonpath.dsv'
[1.203s] INFO:colcon.colcon_core.shell:Creating environment hook '/opt/ws/src/code/lab2/install/lab2/share/lab2/hook/pythonpath.sh'
[1.203s] Level 1:colcon.colcon_core.environment:checking '/opt/ws/src/code/lab2/install/lab2/bin'
[1.203s] Level 1:colcon.colcon_core.environment:create_environment_scripts_only(lab2)
[1.204s] INFO:colcon.colcon_core.shell:Creating package script '/opt/ws/src/code/lab2/install/lab2/share/lab2/package.ps1'
[1.204s] INFO:colcon.colcon_core.shell:Creating package descriptor '/opt/ws/src/code/lab2/install/lab2/share/lab2/package.dsv'
[1.205s] INFO:colcon.colcon_core.shell:Creating package script '/opt/ws/src/code/lab2/install/lab2/share/lab2/package.sh'
[1.205s] INFO:colcon.colcon_core.shell:Creating package script '/opt/ws/src/code/lab2/install/lab2/share/lab2/package.bash'
[1.206s] INFO:colcon.colcon_core.shell:Creating package script '/opt/ws/src/code/lab2/install/lab2/share/lab2/package.zsh'
[1.206s] Level 1:colcon.colcon_core.environment:create_file_with_runtime_dependencies(/opt/ws/src/code/lab2/install/lab2/share/colcon-core/packages/lab2)
[1.207s] DEBUG:colcon.colcon_parallel_executor.executor.parallel:closing loop
[1.207s] DEBUG:colcon.colcon_parallel_executor.executor.parallel:loop closed
[1.207s] DEBUG:colcon.colcon_parallel_executor.executor.parallel:run_until_complete finished with '0'
[1.207s] DEBUG:colcon.colcon_core.event_reactor:joining thread
[1.213s] INFO:colcon.colcon_core.plugin_system:Skipping extension 'colcon_notification.desktop_notification.notify_send': Could not find 'notify-send'
[1.213s] INFO:colcon.colcon_core.plugin_system:Skipping extension 'colcon_notification.desktop_notification.terminal_notifier': Not used on non-Darwin systems
[1.213s] INFO:colcon.colcon_core.plugin_system:Skipping extension 'colcon_notification.desktop_notification.win32': Not used on non-Windows systems
[1.213s] INFO:colcon.colcon_notification.desktop_notification:Sending desktop notification using 'notify2'
[1.216s] DEBUG:colcon.colcon_notification.desktop_notification.notify2:Failed to initialize notify2: org.freedesktop.DBus.Error.Spawn.ExecFailed: /usr/bin/dbus-launch terminated abnormally without any error message
[1.216s] DEBUG:colcon.colcon_core.event_reactor:joined thread
[1.217s] INFO:colcon.colcon_core.shell:Creating prefix script '/opt/ws/src/code/lab2/install/local_setup.ps1'
[1.218s] INFO:colcon.colcon_core.shell:Creating prefix util module '/opt/ws/src/code/lab2/install/_local_setup_util_ps1.py'
[1.219s] INFO:colcon.colcon_core.shell:Creating prefix chain script '/opt/ws/src/code/lab2/install/setup.ps1'
[1.219s] INFO:colcon.colcon_core.shell:Creating prefix script '/opt/ws/src/code/lab2/install/local_setup.sh'
[1.220s] INFO:colcon.colcon_core.shell:Creating prefix util module '/opt/ws/src/code/lab2/install/_local_setup_util_sh.py'
[1.220s] INFO:colcon.colcon_core.shell:Creating prefix chain script '/opt/ws/src/code/lab2/install/setup.sh'
[1.222s] INFO:colcon.colcon_core.shell:Creating prefix script '/opt/ws/src/code/lab2/install/local_setup.bash'
[1.222s] INFO:colcon.colcon_core.shell:Creating prefix chain script '/opt/ws/src/code/lab2/install/setup.bash'
[1.223s] INFO:colcon.colcon_core.shell:Creating prefix script '/opt/ws/src/code/lab2/install/local_setup.zsh'
[1.223s] INFO:colcon.colcon_core.shell:Creating prefix chain script '/opt/ws/src/code/lab2/install/setup.zsh'
