[0.624s] Invoking command in '/opt/ws/src/code/lab2': PYTHONPATH=/opt/ws/src/code/lab2/build/lab2/prefix_override:/usr/lib/python3/dist-packages/colcon_core/task/python/colcon_distutils_commands:/opt/ws/src/code/lab2/install/lab2/lib/python3.12/site-packages:${PYTHONPATH} /usr/bin/python3 -W ignore:setup.py install is deprecated -W ignore:easy_install command is deprecated setup.py egg_info --egg-base build/lab2 build --build-base /opt/ws/src/code/lab2/build/lab2/build install --record /opt/ws/src/code/lab2/build/lab2/install.log --single-version-externally-managed install_data
[0.823s] running egg_info
[0.899s] writing build/lab2/lab2.egg-info/PKG-INFO
[0.899s] writing dependency_links to build/lab2/lab2.egg-info/dependency_links.txt
[0.899s] writing entry points to build/lab2/lab2.egg-info/entry_points.txt
[0.899s] writing requirements to build/lab2/lab2.egg-info/requires.txt
[0.899s] writing top-level names to build/lab2/lab2.egg-info/top_level.txt
[0.930s] reading manifest file 'build/lab2/lab2.egg-info/SOURCES.txt'
[0.930s] adding license file 'LICENSE'
[0.930s] writing manifest file 'build/lab2/lab2.egg-info/SOURCES.txt'
[0.930s] running build
[0.931s] running build_py
[0.931s] copying lab2/robot_controller.py -> /opt/ws/src/code/lab2/build/lab2/build/lib/lab2
[0.931s] running install
[0.936s] running install_lib
[0.949s] copying /opt/ws/src/code/lab2/build/lab2/build/lib/lab2/robot_controller.py -> /opt/ws/src/code/lab2/install/lab2/lib/python3.12/site-packages/lab2
[0.950s] byte-compiling /opt/ws/src/code/lab2/install/lab2/lib/python3.12/site-packages/lab2/robot_controller.py to robot_controller.cpython-312.pyc
[0.951s] running install_data
[0.951s] running install_egg_info
[0.967s] removing '/opt/ws/src/code/lab2/install/lab2/lib/python3.12/site-packages/lab2-0.0.1-py3.12.egg-info' (and everything under it)
[0.967s] Copying build/lab2/lab2.egg-info to /opt/ws/src/code/lab2/install/lab2/lib/python3.12/site-packages/lab2-0.0.1-py3.12.egg-info
[0.969s] running install_scripts
[1.009s] Installing lidar_subscriber script to /opt/ws/src/code/lab2/install/lab2/lib/lab2
[1.009s] Installing robot_controller script to /opt/ws/src/code/lab2/install/lab2/lib/lab2
[1.010s] writing list of installed files to '/opt/ws/src/code/lab2/build/lab2/install.log'
[1.031s] Invoked command in '/opt/ws/src/code/lab2' returned '0': PYTHONPATH=/opt/ws/src/code/lab2/build/lab2/prefix_override:/usr/lib/python3/dist-packages/colcon_core/task/python/colcon_distutils_commands:/opt/ws/src/code/lab2/install/lab2/lib/python3.12/site-packages:${PYTHONPATH} /usr/bin/python3 -W ignore:setup.py install is deprecated -W ignore:easy_install command is deprecated setup.py egg_info --egg-base build/lab2 build --build-base /opt/ws/src/code/lab2/build/lab2/build install --record /opt/ws/src/code/lab2/build/lab2/install.log --single-version-externally-managed install_data
